<?xml version="1.0" encoding="UTF-8"?>
<!-- Generated by org.testng.reporters.JUnitReportReporter -->
<testsuite hostname="DESKTOP-MCSU9TS" failures="0" tests="3" name="MyTest.TestSearch" time="54.882" errors="0" timestamp="2020-08-04T16:39:55 ART" skipped="0">
  <testcase classname="MyTest.TestSearch" name="NoResults" time="17.654"/>
  <system-out/>
  <testcase classname="MyTest.TestSearch" name="searchTSHIRTS" time="16.866"/>
  <system-out/>
  <testcase classname="MyTest.TestSearch" name="searchDresses" time="20.362"/>
  <system-out/>
</testsuite> <!-- MyTest.TestSearch -->
